[YourKit Java Profiler 11.0.4] Log file: /home/ctapobep/.yjp/log/29901.log
[  38132]   WARN - openapi.wm.impl.ToolWindowImpl - ToolWindow icons should be 13x13. Please fix icon path=/org/gradle/ideaplugin/ui/gradle_16x16.png class=class org.gradle.ideaplugin.util.GradleUtils 
[  38147]   WARN - openapi.wm.impl.ToolWindowImpl - ToolWindow icons should be 13x13. Please fix icon path=/org/gradle/ideaplugin/ui/gradle_16x16.png class=class org.gradle.ideaplugin.util.GradleUtils 
[  38392]   WARN - openapi.wm.impl.ToolWindowImpl - ToolWindow icons should be 13x13. Please fix icon path=/ideTalk/user.png class=class icons.IdetalkCoreIcons 
[  38457]   WARN - openapi.wm.impl.ToolWindowImpl - ToolWindow icons should be 13x13. Please fix icon path=/ideTalk/user.png class=class icons.IdetalkCoreIcons 
[  44602]   WARN - gins.intelliLang.Configuration - com.intellij.jsf: META-INF/languageInjections.xml was not found 
[ 249049]   WARN - openapi.wm.impl.ToolWindowImpl - ToolWindow icons should be 13x13. Please fix icon path=/org/gradle/ideaplugin/ui/gradle_16x16.png class=class org.gradle.ideaplugin.util.GradleUtils 
[ 251012]   WARN - openapi.wm.impl.ToolWindowImpl - ToolWindow icons should be 13x13. Please fix icon path=/org/gradle/ideaplugin/ui/gradle_16x16.png class=class org.gradle.ideaplugin.util.GradleUtils 
[ 251019]   WARN - openapi.wm.impl.ToolWindowImpl - ToolWindow icons should be 13x13. Please fix icon path=/org/gradle/ideaplugin/ui/gradle_16x16.png class=class org.gradle.ideaplugin.util.GradleUtils 
[ 251037]   WARN - openapi.wm.impl.ToolWindowImpl - ToolWindow icons should be 13x13. Please fix icon path=/ideTalk/user.png class=class icons.IdetalkCoreIcons 
[ 251046]   WARN - openapi.wm.impl.ToolWindowImpl - ToolWindow icons should be 13x13. Please fix icon path=/ideTalk/user.png class=class icons.IdetalkCoreIcons 
[WARNING] POM for 'org.springframework.security:spring-security-acl:pom:3.1.1.JAVATALKS-PATCH.RELEASE:compile' is invalid.

Its dependencies (if any) will NOT be available to the current build.
[WARNING] POM for 'joda-time:joda-time-jsptags:pom:1.0.2:compile' is invalid.

Its dependencies (if any) will NOT be available to the current build.
[WARNING] POM for 'org.springframework.security:spring-security-acl:pom:3.1.1.JAVATALKS-PATCH.RELEASE:compile' is invalid.

Its dependencies (if any) will NOT be available to the current build.
[WARNING] POM for 'joda-time:joda-time-jsptags:pom:1.0.2:compile' is invalid.

Its dependencies (if any) will NOT be available to the current build.
[70645801]   WARN - openapi.wm.impl.ToolWindowImpl - ToolWindow icons should be 13x13. Please fix icon path=/org/gradle/ideaplugin/ui/gradle_16x16.png class=class org.gradle.ideaplugin.util.GradleUtils 
[70645808]   WARN - openapi.wm.impl.ToolWindowImpl - ToolWindow icons should be 13x13. Please fix icon path=/org/gradle/ideaplugin/ui/gradle_16x16.png class=class org.gradle.ideaplugin.util.GradleUtils 
[70647248]   WARN - openapi.wm.impl.ToolWindowImpl - ToolWindow icons should be 13x13. Please fix icon path=/org/gradle/ideaplugin/ui/gradle_16x16.png class=class org.gradle.ideaplugin.util.GradleUtils 
[70647253]   WARN - openapi.wm.impl.ToolWindowImpl - ToolWindow icons should be 13x13. Please fix icon path=/org/gradle/ideaplugin/ui/gradle_16x16.png class=class org.gradle.ideaplugin.util.GradleUtils 
[70647266]   WARN - openapi.wm.impl.ToolWindowImpl - ToolWindow icons should be 13x13. Please fix icon path=/ideTalk/user.png class=class icons.IdetalkCoreIcons 
[70647272]   WARN - openapi.wm.impl.ToolWindowImpl - ToolWindow icons should be 13x13. Please fix icon path=/ideTalk/user.png class=class icons.IdetalkCoreIcons 
[WARNING] POM for 'org.springframework.security:spring-security-acl:pom:3.1.1.JAVATALKS-PATCH.RELEASE:compile' is invalid.

Its dependencies (if any) will NOT be available to the current build.
[WARNING] POM for 'joda-time:joda-time-jsptags:pom:1.0.2:compile' is invalid.

Its dependencies (if any) will NOT be available to the current build.
[73407807]   WARN - cution.filters.CompositeFilter - ExceptionFilter.applyFilter() took 208 ms on '''	at java.io.FileOutputStream.<init>(FileOutputStream.java:212)
''' 
[73408336]   WARN - cution.filters.CompositeFilter - ExceptionFilter.applyFilter() took 306 ms on '''	at org.apache.log4j.FileAppender.setFile(FileAppender.java:289)
''' 
[WARNING] POM for 'org.springframework.security:spring-security-acl:pom:3.1.1.JAVATALKS-PATCH.RELEASE:compile' is invalid.

Its dependencies (if any) will NOT be available to the current build.
[WARNING] POM for 'joda-time:joda-time-jsptags:pom:1.0.2:compile' is invalid.

Its dependencies (if any) will NOT be available to the current build.
java.lang.reflect.InvocationTargetException
	at java.awt.EventQueue.invokeAndWait(EventQueue.java:1258)
	at javax.swing.SwingUtilities.invokeAndWait(SwingUtilities.java:1349)
	at org.gradle.ideaplugin.ui.ObserverLord.notifyObserversInEventQueueThread(ObserverLord.java:155)
	at org.gradle.ideaplugin.ui.ObserverLord.notifyObservers(ObserverLord.java:133)
	at org.gradle.ideaplugin.ui.GradleUIApplicationComponent.notifyGradleUILoaded(GradleUIApplicationComponent.java:102)
	at org.gradle.ideaplugin.ui.GradlePanelWrapper.extractGradleUI(GradlePanelWrapper.java:166)
	at org.gradle.ideaplugin.ui.GradlePanelWrapper.reset(GradlePanelWrapper.java:102)
	at org.gradle.ideaplugin.ui.GradlePanelWrapper.initialize(GradlePanelWrapper.java:88)
	at org.gradle.ideaplugin.ui.MainGradleComponent.initComponent(MainGradleComponent.java:83)
	at com.intellij.openapi.components.impl.ComponentManagerImpl.b(ComponentManagerImpl.java:217)
	at com.intellij.openapi.components.impl.ComponentManagerImpl.access$1200(ComponentManagerImpl.java:55)
	at com.intellij.openapi.components.impl.ComponentManagerImpl$ComponentConfigComponentAdapter$1.getComponentInstance(ComponentManagerImpl.java:589)
	at com.intellij.openapi.components.impl.ComponentManagerImpl$ComponentConfigComponentAdapter.getComponentInstance(ComponentManagerImpl.java:628)
	at com.intellij.util.pico.DefaultPicoContainer.getLocalInstance(DefaultPicoContainer.java:242)
	at com.intellij.util.pico.DefaultPicoContainer.getInstance(DefaultPicoContainer.java:229)
	at com.intellij.util.pico.DefaultPicoContainer.getComponentInstance(DefaultPicoContainer.java:211)
	at org.picocontainer.alternatives.AbstractDelegatingMutablePicoContainer.getComponentInstance(AbstractDelegatingMutablePicoContainer.java:75)
	at com.intellij.openapi.components.impl.ComponentManagerImpl.createComponent(ComponentManagerImpl.java:127)
	at com.intellij.openapi.components.impl.ComponentManagerImpl.a(ComponentManagerImpl.java:108)
	at com.intellij.openapi.components.impl.ComponentManagerImpl.initComponents(ComponentManagerImpl.java:346)
	at com.intellij.openapi.components.impl.ComponentManagerImpl.init(ComponentManagerImpl.java:86)
	at com.intellij.openapi.project.impl.ProjectImpl.init(ProjectImpl.java:307)
	at com.intellij.openapi.project.impl.ProjectManagerImpl.a(ProjectManagerImpl.java:279)
	at com.intellij.openapi.project.impl.ProjectManagerImpl.access$300(ProjectManagerImpl.java:81)
	at com.intellij.openapi.project.impl.ProjectManagerImpl$9.compute(ProjectManagerImpl.java:529)
	at com.intellij.openapi.project.impl.ProjectManagerImpl$9.compute(ProjectManagerImpl.java:525)
	at com.intellij.openapi.progress.impl.ProgressManagerImpl$4.run(ProgressManagerImpl.java:275)
	at com.intellij.openapi.progress.impl.ProgressManagerImpl$TaskRunnable.run(ProgressManagerImpl.java:501)
	at com.intellij.openapi.progress.impl.ProgressManagerImpl$6.run(ProgressManagerImpl.java:310)
	at com.intellij.openapi.progress.impl.ProgressManagerImpl$2.run(ProgressManagerImpl.java:191)
	at com.intellij.openapi.progress.impl.ProgressManagerImpl.executeProcessUnderProgress(ProgressManagerImpl.java:232)
	at com.intellij.openapi.progress.impl.ProgressManagerImpl.runProcess(ProgressManagerImpl.java:181)
	at com.intellij.openapi.application.impl.ApplicationImpl$8$1.run(ApplicationImpl.java:692)
	at com.intellij.openapi.application.impl.ApplicationImpl$6.run(ApplicationImpl.java:465)
	at java.util.concurrent.Executors$RunnableAdapter.call(Executors.java:471)
	at java.util.concurrent.FutureTask$Sync.innerRun(FutureTask.java:334)
	at java.util.concurrent.FutureTask.run(FutureTask.java:166)
	at java.util.concurrent.ThreadPoolExecutor.runWorker(ThreadPoolExecutor.java:1110)
	at java.util.concurrent.ThreadPoolExecutor$Worker.run(ThreadPoolExecutor.java:603)
	at java.lang.Thread.run(Thread.java:722)
	at com.intellij.openapi.application.impl.ApplicationImpl$1$1.run(ApplicationImpl.java:153)
Caused by: java.lang.AssertionError: Already disposed: Project (Disposed) hibernate-training
	at com.intellij.openapi.components.impl.ComponentManagerImpl.getComponent(ComponentManagerImpl.java:196)
	at com.intellij.openapi.wm.ToolWindowManager.getInstance(ToolWindowManager.java:33)
	at org.gradle.ideaplugin.ui.MainGradleComponent.initToolWindow(MainGradleComponent.java:169)
	at org.gradle.ideaplugin.ui.MainGradleComponent.gradleUILoaded(MainGradleComponent.java:249)
	at org.gradle.ideaplugin.ui.GradleUIApplicationComponent$2.notify(GradleUIApplicationComponent.java:106)
	at org.gradle.ideaplugin.ui.GradleUIApplicationComponent$2.notify(GradleUIApplicationComponent.java:103)
	at org.gradle.ideaplugin.ui.ObserverLord.notifyObserversInternal(ObserverLord.java:187)
	at org.gradle.ideaplugin.ui.ObserverLord.access$100(ObserverLord.java:47)
	at org.gradle.ideaplugin.ui.ObserverLord$1.run(ObserverLord.java:159)
	at java.awt.event.InvocationEvent.dispatch(InvocationEvent.java:241)
	at java.awt.EventQueue.dispatchEventImpl(EventQueue.java:721)
	at java.awt.EventQueue.access$200(EventQueue.java:103)
	at java.awt.EventQueue$3.run(EventQueue.java:682)
	at java.awt.EventQueue$3.run(EventQueue.java:680)
	at java.security.AccessController.doPrivileged(Native Method)
	at java.security.ProtectionDomain$1.doIntersectionPrivilege(ProtectionDomain.java:76)
	at java.awt.EventQueue.dispatchEvent(EventQueue.java:691)
	at com.intellij.ide.IdeEventQueue.d(IdeEventQueue.java:673)
	at com.intellij.ide.IdeEventQueue._dispatchEvent(IdeEventQueue.java:498)
	at com.intellij.ide.IdeEventQueue.dispatchEvent(IdeEventQueue.java:333)
	at java.awt.EventDispatchThread.pumpOneEventForFilters(EventDispatchThread.java:244)
	at java.awt.EventDispatchThread.pumpEventsForFilter(EventDispatchThread.java:163)
	at java.awt.EventDispatchThread.pumpEventsForFilter(EventDispatchThread.java:155)
	at java.awt.WaitDispatchSupport$2.run(WaitDispatchSupport.java:182)
	at java.awt.WaitDispatchSupport$4.run(WaitDispatchSupport.java:221)
	at java.security.AccessController.doPrivileged(Native Method)
	at java.awt.WaitDispatchSupport.enter(WaitDispatchSupport.java:219)
	at java.awt.Dialog.show(Dialog.java:1077)
	at com.intellij.openapi.ui.impl.DialogWrapperPeerImpl$MyDialog.a(DialogWrapperPeerImpl.java:727)
	at com.intellij.openapi.ui.impl.DialogWrapperPeerImpl$MyDialog.show(DialogWrapperPeerImpl.java:723)
	at com.intellij.openapi.ui.impl.DialogWrapperPeerImpl.show(DialogWrapperPeerImpl.java:425)
	at com.intellij.openapi.ui.DialogWrapper.showAndGetOk(DialogWrapper.java:1438)
	at com.intellij.openapi.ui.DialogWrapper.show(DialogWrapper.java:1414)
	at com.intellij.openapi.progress.util.ProgressWindow$MyDialog.show(ProgressWindow.java:606)
	at com.intellij.openapi.progress.util.ProgressWindow.showDialog(ProgressWindow.java:233)
	at com.intellij.openapi.progress.util.ProgressWindow$1$1.run(ProgressWindow.java:176)
	at com.intellij.openapi.application.impl.LaterInvocator$FlushQueue.run(LaterInvocator.java:333)
	at java.awt.event.InvocationEvent.dispatch(InvocationEvent.java:251)
	at java.awt.EventQueue.dispatchEventImpl(EventQueue.java:721)
	at java.awt.EventQueue.access$200(EventQueue.java:103)
	at java.awt.EventQueue$3.run(EventQueue.java:682)
	at java.awt.EventQueue$3.run(EventQueue.java:680)
	at java.security.AccessController.doPrivileged(Native Method)
	at java.security.ProtectionDomain$1.doIntersectionPrivilege(ProtectionDomain.java:76)
	at java.awt.EventQueue.dispatchEvent(EventQueue.java:691)
	at com.intellij.ide.IdeEventQueue.d(IdeEventQueue.java:673)
	at com.intellij.ide.IdeEventQueue._dispatchEvent(IdeEventQueue.java:498)
	at com.intellij.ide.IdeEventQueue.dispatchEvent(IdeEventQueue.java:333)
	at com.intellij.ide.IdeEventQueue.pumpEventsForHierarchy(IdeEventQueue.java:738)
	at com.intellij.openapi.progress.util.ProgressWindow.startBlocking(ProgressWindow.java:198)
	at com.intellij.openapi.application.impl.ApplicationImpl.runProcessWithProgressSynchronously(ApplicationImpl.java:712)
	at com.intellij.openapi.progress.impl.ProgressManagerImpl.a(ProgressManagerImpl.java:306)
	at com.intellij.openapi.progress.impl.ProgressManagerImpl.runProcessWithProgressSynchronously(ProgressManagerImpl.java:283)
	at com.intellij.openapi.project.impl.ProjectManagerImpl.d(ProjectManagerImpl.java:525)
	at com.intellij.openapi.project.impl.ProjectManagerImpl.convertAndLoadProject(ProjectManagerImpl.java:501)
	at com.intellij.openapi.project.impl.ProjectManagerImpl.loadAndOpenProject(ProjectManagerImpl.java:467)
	at com.intellij.ide.impl.ProjectUtil.openProject(ProjectUtil.java:176)
	at com.intellij.ide.RecentProjectsManager.doOpenProject(RecentProjectsManager.java:46)
	at com.intellij.ide.ReopenProjectAction.actionPerformed(ReopenProjectAction.java:58)
	at com.intellij.openapi.actionSystem.impl.ActionMenuItem$ActionTransmitter$1.run(ActionMenuItem.java:255)
	at com.intellij.openapi.wm.impl.FocusManagerImpl.runOnOwnContext(FocusManagerImpl.java:892)
	at com.intellij.openapi.wm.impl.IdeFocusManagerImpl.runOnOwnContext(IdeFocusManagerImpl.java:114)
	at com.intellij.openapi.actionSystem.impl.ActionMenuItem$ActionTransmitter.actionPerformed(ActionMenuItem.java:226)
	at javax.swing.AbstractButton.fireActionPerformed(AbstractButton.java:2018)
	at com.intellij.openapi.actionSystem.impl.ActionMenuItem.fireActionPerformed(ActionMenuItem.java:100)
	at com.intellij.ui.plaf.beg.BegMenuItemUI.a(BegMenuItemUI.java:512)
	at com.intellij.ui.plaf.beg.BegMenuItemUI.access$300(BegMenuItemUI.java:44)
	at com.intellij.ui.plaf.beg.BegMenuItemUI$MyMouseInputHandler.mouseReleased(BegMenuItemUI.java:532)
	at java.awt.Component.processMouseEvent(Component.java:6505)
	at javax.swing.JComponent.processMouseEvent(JComponent.java:3321)
	at java.awt.Component.processEvent(Component.java:6270)
	at java.awt.Container.processEvent(Container.java:2229)
	at java.awt.Component.dispatchEventImpl(Component.java:4861)
	at java.awt.Container.dispatchEventImpl(Container.java:2287)
	at java.awt.Component.dispatchEvent(Component.java:4687)
	at java.awt.LightweightDispatcher.retargetMouseEvent(Container.java:4832)
	at java.awt.LightweightDispatcher.processMouseEvent(Container.java:4492)
	at java.awt.LightweightDispatcher.dispatchEvent(Container.java:4422)
	at java.awt.Container.dispatchEventImpl(Container.java:2273)
	at java.awt.Window.dispatchEventImpl(Window.java:2719)
	at java.awt.Component.dispatchEvent(Component.java:4687)
	at java.awt.EventQueue.dispatchEventImpl(EventQueue.java:723)
	at java.awt.EventQueue.access$200(EventQueue.java:103)
	at java.awt.EventQueue$3.run(EventQueue.java:682)
	at java.awt.EventQueue$3.run(EventQueue.java:680)
	at java.security.AccessController.doPrivileged(Native Method)
	at java.security.ProtectionDomain$1.doIntersectionPrivilege(ProtectionDomain.java:76)
	at java.security.ProtectionDomain$1.doIntersectionPrivilege(ProtectionDomain.java:87)
	at java.awt.EventQueue$4.run(EventQueue.java:696)
	at java.awt.EventQueue$4.run(EventQueue.java:694)
	at java.security.AccessController.doPrivileged(Native Method)
	at java.security.ProtectionDomain$1.doIntersectionPrivilege(ProtectionDomain.java:76)
	at java.awt.EventQueue.dispatchEvent(EventQueue.java:693)
	at com.intellij.ide.IdeEventQueue.d(IdeEventQueue.java:673)
	at com.intellij.ide.IdeEventQueue._dispatchEvent(IdeEventQueue.java:494)
	at com.intellij.ide.IdeEventQueue.dispatchEvent(IdeEventQueue.java:333)
	at java.awt.EventDispatchThread.pumpOneEventForFilters(EventDispatchThread.java:244)
	at java.awt.EventDispatchThread.pumpEventsForFilter(EventDispatchThread.java:163)
	at java.awt.EventDispatchThread.pumpEventsForHierarchy(EventDispatchThread.java:151)
	at java.awt.EventDispatchThread.pumpEvents(EventDispatchThread.java:147)
	at java.awt.EventDispatchThread.pumpEvents(EventDispatchThread.java:139)
	at java.awt.EventDispatchThread.run(EventDispatchThread.java:97)
[91446298]   WARN - openapi.wm.impl.ToolWindowImpl - ToolWindow icons should be 13x13. Please fix icon path=/org/gradle/ideaplugin/ui/gradle_16x16.png class=class org.gradle.ideaplugin.util.GradleUtils 
[91446305]   WARN - openapi.wm.impl.ToolWindowImpl - ToolWindow icons should be 13x13. Please fix icon path=/org/gradle/ideaplugin/ui/gradle_16x16.png class=class org.gradle.ideaplugin.util.GradleUtils 
[91446318]   WARN - openapi.wm.impl.ToolWindowImpl - ToolWindow icons should be 13x13. Please fix icon path=/ideTalk/user.png class=class icons.IdetalkCoreIcons 
[91446323]   WARN - openapi.wm.impl.ToolWindowImpl - ToolWindow icons should be 13x13. Please fix icon path=/ideTalk/user.png class=class icons.IdetalkCoreIcons 
